<?xml version="1.0" encoding="UTF-8"?>
<!-- Generated by org.testng.reporters.JUnitReportReporter -->
<testsuite hostname="LTCH-5CD1184D98" failures="0" tests="1" name="testCases.TC_001_AccountRegistrationTest" time="1.914" errors="0" timestamp="2025-08-04T22:24:40 IST" skipped="0">
  <testcase classname="testCases.TC_001_AccountRegistrationTest" name="verify_account_registration" time="1.914"/>
  <system-out/>
</testsuite> <!-- testCases.TC_001_AccountRegistrationTest -->
