<?xml version="1.0" encoding="UTF-8"?>
<!-- Generated by org.testng.reporters.JUnitReportReporter -->
<testsuite hostname="LTCH-5CD1184D98" failures="0" tests="1" name="testCases.TC001_AccountRegistrationTest" time="4.390" errors="0" timestamp="2025-07-31T23:00:30 IST" skipped="0">
  <testcase classname="testCases.TC001_AccountRegistrationTest" name="verify_account_registration" time="4.390"/>
  <system-out/>
</testsuite> <!-- testCases.TC001_AccountRegistrationTest -->
