<?xml version="1.0" encoding="UTF-8"?>
<!-- Generated by org.testng.reporters.JUnitReportReporter -->
<testsuite hostname="LTCH-5CD1184D98" failures="0" tests="1" name="testCases.TC_002_LoginTest" time="1.184" errors="0" timestamp="2025-08-04T22:24:40 IST" skipped="0">
  <testcase classname="testCases.TC_002_LoginTest" name="verify_login" time="1.184"/>
  <system-out/>
</testsuite> <!-- testCases.TC_002_LoginTest -->
