<?xml version="1.0" encoding="UTF-8"?>
<!-- Generated by org.testng.reporters.JUnitReportReporter -->
<testsuite hostname="LTCH-5CD1184D98" failures="0" tests="1" name="testCases.TC_002_LoginTest" time="2.686" errors="0" timestamp="2025-08-09T21:38:42 IST" skipped="0">
  <testcase classname="testCases.TC_002_LoginTest" name="verify_login" time="2.686"/>
</testsuite> <!-- testCases.TC_002_LoginTest -->
